08-06-25 17:51:01 [info] [logger.ts [app-route] (ecmascript)\[root-of-the-server]__9633b409._.js]: Starting scraping for URL: https://www.flipkart.com/search?q=collagen%20supplement&otracker=search&otracker1=search&marketplace=FLIPKART&as-show=on&as=off
08-06-25 17:51:31 [error] [logger.ts [app-route] (ecmascript)\[root-of-the-server]__9633b409._.js]: TimeoutError: Navigation timeout of 30000 ms exceeded
    at new Deferred (file:///Z:/personalProjects/easy-buy/node_modules/.pnpm/puppeteer-core@24.10.0/node_modules/puppeteer-core/lib/esm/puppeteer/util/Deferred.js:57:34)
    at Deferred.create (file:///Z:/personalProjects/easy-buy/node_modules/.pnpm/puppeteer-core@24.10.0/node_modules/puppeteer-core/lib/esm/puppeteer/util/Deferred.js:18:16)
    at new LifecycleWatcher (file:///Z:/personalProjects/easy-buy/node_modules/.pnpm/puppeteer-core@24.10.0/node_modules/puppeteer-core/lib/esm/puppeteer/cdp/LifecycleWatcher.js:66:46)
    at CdpFrame.goto (file:///Z:/personalProjects/easy-buy/node_modules/.pnpm/puppeteer-core@24.10.0/node_modules/puppeteer-core/lib/esm/puppeteer/cdp/Frame.js:145:29)
    at CdpFrame.<anonymous> (file:///Z:/personalProjects/easy-buy/node_modules/.pnpm/puppeteer-core@24.10.0/node_modules/puppeteer-core/lib/esm/puppeteer/util/decorators.js:101:27)
    at CdpPage.goto (file:///Z:/personalProjects/easy-buy/node_modules/.pnpm/puppeteer-core@24.10.0/node_modules/puppeteer-core/lib/esm/puppeteer/api/Page.js:570:43)
    at navigateToUrl (Z:\personalProjects\easy-buy\.next\server\chunks\[root-of-the-server]__9633b409._.js:357:20)
    at scrapeAllProducts (Z:\personalProjects\easy-buy\.next\server\chunks\[root-of-the-server]__9633b409._.js:393:15)
    at async POST (Z:\personalProjects\easy-buy\.next\server\chunks\[root-of-the-server]__9633b409._.js:444:29)
    at async AppRouteRouteModule.do (Z:\personalProjects\easy-buy\node_modules\.pnpm\next@15.3.3_react-dom@19.1.0_react@19.1.0__react@19.1.0\node_modules\next\dist\compiled\next-server\app-route-turbo.runtime.dev.js:26:34112)
    at async AppRouteRouteModule.handle (Z:\personalProjects\easy-buy\node_modules\.pnpm\next@15.3.3_react-dom@19.1.0_react@19.1.0__react@19.1.0\node_modules\next\dist\compiled\next-server\app-route-turbo.runtime.dev.js:26:41338)
    at async doRender (Z:\personalProjects\easy-buy\node_modules\.pnpm\next@15.3.3_react-dom@19.1.0_react@19.1.0__react@19.1.0\node_modules\next\dist\server\base-server.js:1518:42)
    at async DevServer.renderToResponseWithComponentsImpl (Z:\personalProjects\easy-buy\node_modules\.pnpm\next@15.3.3_react-dom@19.1.0_react@19.1.0__react@19.1.0\node_modules\next\dist\server\base-server.js:1920:28)
    at async DevServer.renderPageComponent (Z:\personalProjects\easy-buy\node_modules\.pnpm\next@15.3.3_react-dom@19.1.0_react@19.1.0__react@19.1.0\node_modules\next\dist\server\base-server.js:2408:24)
    at async DevServer.renderToResponseImpl (Z:\personalProjects\easy-buy\node_modules\.pnpm\next@15.3.3_react-dom@19.1.0_react@19.1.0__react@19.1.0\node_modules\next\dist\server\base-server.js:2445:32)
    at async DevServer.pipeImpl (Z:\personalProjects\easy-buy\node_modules\.pnpm\next@15.3.3_react-dom@19.1.0_react@19.1.0__react@19.1.0\node_modules\next\dist\server\base-server.js:1008:25)
    at async NextNodeServer.handleCatchallRenderRequest (Z:\personalProjects\easy-buy\node_modules\.pnpm\next@15.3.3_react-dom@19.1.0_react@19.1.0__react@19.1.0\node_modules\next\dist\server\next-server.js:305:17)
    at async DevServer.handleRequestImpl (Z:\personalProjects\easy-buy\node_modules\.pnpm\next@15.3.3_react-dom@19.1.0_react@19.1.0__react@19.1.0\node_modules\next\dist\server\base-server.js:900:17)
    at async Z:\personalProjects\easy-buy\node_modules\.pnpm\next@15.3.3_react-dom@19.1.0_react@19.1.0__react@19.1.0\node_modules\next\dist\server\dev\next-dev-server.js:371:20
    at async Span.traceAsyncFn (Z:\personalProjects\easy-buy\node_modules\.pnpm\next@15.3.3_react-dom@19.1.0_react@19.1.0__react@19.1.0\node_modules\next\dist\trace\trace.js:157:20)
    at async DevServer.handleRequest (Z:\personalProjects\easy-buy\node_modules\.pnpm\next@15.3.3_react-dom@19.1.0_react@19.1.0__react@19.1.0\node_modules\next\dist\server\dev\next-dev-server.js:368:24)
    at async invokeRender (Z:\personalProjects\easy-buy\node_modules\.pnpm\next@15.3.3_react-dom@19.1.0_react@19.1.0__react@19.1.0\node_modules\next\dist\server\lib\router-server.js:237:21)
    at async handleRequest (Z:\personalProjects\easy-buy\node_modules\.pnpm\next@15.3.3_react-dom@19.1.0_react@19.1.0__react@19.1.0\node_modules\next\dist\server\lib\router-server.js:428:24)
    at async requestHandlerImpl (Z:\personalProjects\easy-buy\node_modules\.pnpm\next@15.3.3_react-dom@19.1.0_react@19.1.0__react@19.1.0\node_modules\next\dist\server\lib\router-server.js:452:13)
    at async Server.requestListener (Z:\personalProjects\easy-buy\node_modules\.pnpm\next@15.3.3_react-dom@19.1.0_react@19.1.0__react@19.1.0\node_modules\next\dist\server\lib\start-server.js:158:13) {"name":"TimeoutError"}
08-06-25 17:51:31 [error] [logger.ts [app-route] (ecmascript)\[root-of-the-server]__9633b409._.js]: Error: Failed to navigate to URL: https://www.flipkart.com/search?q=collagen%20supplement&otracker=search&otracker1=search&marketplace=FLIPKART&as-show=on&as=off
    at navigateToUrl (Z:\personalProjects\easy-buy\.next\server\chunks\[root-of-the-server]__9633b409._.js:361:15)
    at async scrapeAllProducts (Z:\personalProjects\easy-buy\.next\server\chunks\[root-of-the-server]__9633b409._.js:393:9)
    at async POST (Z:\personalProjects\easy-buy\.next\server\chunks\[root-of-the-server]__9633b409._.js:444:29)
    at async AppRouteRouteModule.do (Z:\personalProjects\easy-buy\node_modules\.pnpm\next@15.3.3_react-dom@19.1.0_react@19.1.0__react@19.1.0\node_modules\next\dist\compiled\next-server\app-route-turbo.runtime.dev.js:26:34112)
    at async AppRouteRouteModule.handle (Z:\personalProjects\easy-buy\node_modules\.pnpm\next@15.3.3_react-dom@19.1.0_react@19.1.0__react@19.1.0\node_modules\next\dist\compiled\next-server\app-route-turbo.runtime.dev.js:26:41338)
    at async doRender (Z:\personalProjects\easy-buy\node_modules\.pnpm\next@15.3.3_react-dom@19.1.0_react@19.1.0__react@19.1.0\node_modules\next\dist\server\base-server.js:1518:42)
    at async DevServer.renderToResponseWithComponentsImpl (Z:\personalProjects\easy-buy\node_modules\.pnpm\next@15.3.3_react-dom@19.1.0_react@19.1.0__react@19.1.0\node_modules\next\dist\server\base-server.js:1920:28)
    at async DevServer.renderPageComponent (Z:\personalProjects\easy-buy\node_modules\.pnpm\next@15.3.3_react-dom@19.1.0_react@19.1.0__react@19.1.0\node_modules\next\dist\server\base-server.js:2408:24)
    at async DevServer.renderToResponseImpl (Z:\personalProjects\easy-buy\node_modules\.pnpm\next@15.3.3_react-dom@19.1.0_react@19.1.0__react@19.1.0\node_modules\next\dist\server\base-server.js:2445:32)
    at async DevServer.pipeImpl (Z:\personalProjects\easy-buy\node_modules\.pnpm\next@15.3.3_react-dom@19.1.0_react@19.1.0__react@19.1.0\node_modules\next\dist\server\base-server.js:1008:25)
    at async NextNodeServer.handleCatchallRenderRequest (Z:\personalProjects\easy-buy\node_modules\.pnpm\next@15.3.3_react-dom@19.1.0_react@19.1.0__react@19.1.0\node_modules\next\dist\server\next-server.js:305:17)
    at async DevServer.handleRequestImpl (Z:\personalProjects\easy-buy\node_modules\.pnpm\next@15.3.3_react-dom@19.1.0_react@19.1.0__react@19.1.0\node_modules\next\dist\server\base-server.js:900:17)
    at async Z:\personalProjects\easy-buy\node_modules\.pnpm\next@15.3.3_react-dom@19.1.0_react@19.1.0__react@19.1.0\node_modules\next\dist\server\dev\next-dev-server.js:371:20
    at async Span.traceAsyncFn (Z:\personalProjects\easy-buy\node_modules\.pnpm\next@15.3.3_react-dom@19.1.0_react@19.1.0__react@19.1.0\node_modules\next\dist\trace\trace.js:157:20)
    at async DevServer.handleRequest (Z:\personalProjects\easy-buy\node_modules\.pnpm\next@15.3.3_react-dom@19.1.0_react@19.1.0__react@19.1.0\node_modules\next\dist\server\dev\next-dev-server.js:368:24)
    at async invokeRender (Z:\personalProjects\easy-buy\node_modules\.pnpm\next@15.3.3_react-dom@19.1.0_react@19.1.0__react@19.1.0\node_modules\next\dist\server\lib\router-server.js:237:21)
    at async handleRequest (Z:\personalProjects\easy-buy\node_modules\.pnpm\next@15.3.3_react-dom@19.1.0_react@19.1.0__react@19.1.0\node_modules\next\dist\server\lib\router-server.js:428:24)
    at async requestHandlerImpl (Z:\personalProjects\easy-buy\node_modules\.pnpm\next@15.3.3_react-dom@19.1.0_react@19.1.0__react@19.1.0\node_modules\next\dist\server\lib\router-server.js:452:13)
    at async Server.requestListener (Z:\personalProjects\easy-buy\node_modules\.pnpm\next@15.3.3_react-dom@19.1.0_react@19.1.0__react@19.1.0\node_modules\next\dist\server\lib\start-server.js:158:13)
08-06-25 17:52:13 [info] [logger.ts [app-route] (ecmascript)\[root-of-the-server]__9633b409._.js]: Starting scraping for URL: https://www.flipkart.com/search?q=collagen%20supplement&otracker=search&otracker1=search&marketplace=FLIPKART&as-show=on&as=off
08-06-25 17:52:44 [error] [logger.ts [app-route] (ecmascript)\[root-of-the-server]__9633b409._.js]: TimeoutError: Navigation timeout of 30000 ms exceeded
    at new Deferred (file:///Z:/personalProjects/easy-buy/node_modules/.pnpm/puppeteer-core@24.10.0/node_modules/puppeteer-core/lib/esm/puppeteer/util/Deferred.js:57:34)
    at Deferred.create (file:///Z:/personalProjects/easy-buy/node_modules/.pnpm/puppeteer-core@24.10.0/node_modules/puppeteer-core/lib/esm/puppeteer/util/Deferred.js:18:16)
    at new LifecycleWatcher (file:///Z:/personalProjects/easy-buy/node_modules/.pnpm/puppeteer-core@24.10.0/node_modules/puppeteer-core/lib/esm/puppeteer/cdp/LifecycleWatcher.js:66:46)
    at CdpFrame.goto (file:///Z:/personalProjects/easy-buy/node_modules/.pnpm/puppeteer-core@24.10.0/node_modules/puppeteer-core/lib/esm/puppeteer/cdp/Frame.js:145:29)
    at CdpFrame.<anonymous> (file:///Z:/personalProjects/easy-buy/node_modules/.pnpm/puppeteer-core@24.10.0/node_modules/puppeteer-core/lib/esm/puppeteer/util/decorators.js:101:27)
    at CdpPage.goto (file:///Z:/personalProjects/easy-buy/node_modules/.pnpm/puppeteer-core@24.10.0/node_modules/puppeteer-core/lib/esm/puppeteer/api/Page.js:570:43)
    at navigateToUrl (Z:\personalProjects\easy-buy\.next\server\chunks\[root-of-the-server]__9633b409._.js:357:20)
    at scrapeAllProducts (Z:\personalProjects\easy-buy\.next\server\chunks\[root-of-the-server]__9633b409._.js:393:15)
    at async POST (Z:\personalProjects\easy-buy\.next\server\chunks\[root-of-the-server]__9633b409._.js:444:29)
    at async AppRouteRouteModule.do (Z:\personalProjects\easy-buy\node_modules\.pnpm\next@15.3.3_react-dom@19.1.0_react@19.1.0__react@19.1.0\node_modules\next\dist\compiled\next-server\app-route-turbo.runtime.dev.js:26:34112)
    at async AppRouteRouteModule.handle (Z:\personalProjects\easy-buy\node_modules\.pnpm\next@15.3.3_react-dom@19.1.0_react@19.1.0__react@19.1.0\node_modules\next\dist\compiled\next-server\app-route-turbo.runtime.dev.js:26:41338)
    at async doRender (Z:\personalProjects\easy-buy\node_modules\.pnpm\next@15.3.3_react-dom@19.1.0_react@19.1.0__react@19.1.0\node_modules\next\dist\server\base-server.js:1518:42)
    at async DevServer.renderToResponseWithComponentsImpl (Z:\personalProjects\easy-buy\node_modules\.pnpm\next@15.3.3_react-dom@19.1.0_react@19.1.0__react@19.1.0\node_modules\next\dist\server\base-server.js:1920:28)
    at async DevServer.renderPageComponent (Z:\personalProjects\easy-buy\node_modules\.pnpm\next@15.3.3_react-dom@19.1.0_react@19.1.0__react@19.1.0\node_modules\next\dist\server\base-server.js:2408:24)
    at async DevServer.renderToResponseImpl (Z:\personalProjects\easy-buy\node_modules\.pnpm\next@15.3.3_react-dom@19.1.0_react@19.1.0__react@19.1.0\node_modules\next\dist\server\base-server.js:2445:32)
    at async DevServer.pipeImpl (Z:\personalProjects\easy-buy\node_modules\.pnpm\next@15.3.3_react-dom@19.1.0_react@19.1.0__react@19.1.0\node_modules\next\dist\server\base-server.js:1008:25)
    at async NextNodeServer.handleCatchallRenderRequest (Z:\personalProjects\easy-buy\node_modules\.pnpm\next@15.3.3_react-dom@19.1.0_react@19.1.0__react@19.1.0\node_modules\next\dist\server\next-server.js:305:17)
    at async DevServer.handleRequestImpl (Z:\personalProjects\easy-buy\node_modules\.pnpm\next@15.3.3_react-dom@19.1.0_react@19.1.0__react@19.1.0\node_modules\next\dist\server\base-server.js:900:17)
    at async Z:\personalProjects\easy-buy\node_modules\.pnpm\next@15.3.3_react-dom@19.1.0_react@19.1.0__react@19.1.0\node_modules\next\dist\server\dev\next-dev-server.js:371:20
    at async Span.traceAsyncFn (Z:\personalProjects\easy-buy\node_modules\.pnpm\next@15.3.3_react-dom@19.1.0_react@19.1.0__react@19.1.0\node_modules\next\dist\trace\trace.js:157:20)
    at async DevServer.handleRequest (Z:\personalProjects\easy-buy\node_modules\.pnpm\next@15.3.3_react-dom@19.1.0_react@19.1.0__react@19.1.0\node_modules\next\dist\server\dev\next-dev-server.js:368:24)
    at async invokeRender (Z:\personalProjects\easy-buy\node_modules\.pnpm\next@15.3.3_react-dom@19.1.0_react@19.1.0__react@19.1.0\node_modules\next\dist\server\lib\router-server.js:237:21)
    at async handleRequest (Z:\personalProjects\easy-buy\node_modules\.pnpm\next@15.3.3_react-dom@19.1.0_react@19.1.0__react@19.1.0\node_modules\next\dist\server\lib\router-server.js:428:24)
    at async requestHandlerImpl (Z:\personalProjects\easy-buy\node_modules\.pnpm\next@15.3.3_react-dom@19.1.0_react@19.1.0__react@19.1.0\node_modules\next\dist\server\lib\router-server.js:452:13)
    at async Server.requestListener (Z:\personalProjects\easy-buy\node_modules\.pnpm\next@15.3.3_react-dom@19.1.0_react@19.1.0__react@19.1.0\node_modules\next\dist\server\lib\start-server.js:158:13) {"name":"TimeoutError"}
08-06-25 17:52:44 [error] [logger.ts [app-route] (ecmascript)\[root-of-the-server]__9633b409._.js]: Error: Failed to navigate to URL: https://www.flipkart.com/search?q=collagen%20supplement&otracker=search&otracker1=search&marketplace=FLIPKART&as-show=on&as=off
    at navigateToUrl (Z:\personalProjects\easy-buy\.next\server\chunks\[root-of-the-server]__9633b409._.js:361:15)
    at async scrapeAllProducts (Z:\personalProjects\easy-buy\.next\server\chunks\[root-of-the-server]__9633b409._.js:393:9)
    at async POST (Z:\personalProjects\easy-buy\.next\server\chunks\[root-of-the-server]__9633b409._.js:444:29)
    at async AppRouteRouteModule.do (Z:\personalProjects\easy-buy\node_modules\.pnpm\next@15.3.3_react-dom@19.1.0_react@19.1.0__react@19.1.0\node_modules\next\dist\compiled\next-server\app-route-turbo.runtime.dev.js:26:34112)
    at async AppRouteRouteModule.handle (Z:\personalProjects\easy-buy\node_modules\.pnpm\next@15.3.3_react-dom@19.1.0_react@19.1.0__react@19.1.0\node_modules\next\dist\compiled\next-server\app-route-turbo.runtime.dev.js:26:41338)
    at async doRender (Z:\personalProjects\easy-buy\node_modules\.pnpm\next@15.3.3_react-dom@19.1.0_react@19.1.0__react@19.1.0\node_modules\next\dist\server\base-server.js:1518:42)
    at async DevServer.renderToResponseWithComponentsImpl (Z:\personalProjects\easy-buy\node_modules\.pnpm\next@15.3.3_react-dom@19.1.0_react@19.1.0__react@19.1.0\node_modules\next\dist\server\base-server.js:1920:28)
    at async DevServer.renderPageComponent (Z:\personalProjects\easy-buy\node_modules\.pnpm\next@15.3.3_react-dom@19.1.0_react@19.1.0__react@19.1.0\node_modules\next\dist\server\base-server.js:2408:24)
    at async DevServer.renderToResponseImpl (Z:\personalProjects\easy-buy\node_modules\.pnpm\next@15.3.3_react-dom@19.1.0_react@19.1.0__react@19.1.0\node_modules\next\dist\server\base-server.js:2445:32)
    at async DevServer.pipeImpl (Z:\personalProjects\easy-buy\node_modules\.pnpm\next@15.3.3_react-dom@19.1.0_react@19.1.0__react@19.1.0\node_modules\next\dist\server\base-server.js:1008:25)
    at async NextNodeServer.handleCatchallRenderRequest (Z:\personalProjects\easy-buy\node_modules\.pnpm\next@15.3.3_react-dom@19.1.0_react@19.1.0__react@19.1.0\node_modules\next\dist\server\next-server.js:305:17)
    at async DevServer.handleRequestImpl (Z:\personalProjects\easy-buy\node_modules\.pnpm\next@15.3.3_react-dom@19.1.0_react@19.1.0__react@19.1.0\node_modules\next\dist\server\base-server.js:900:17)
    at async Z:\personalProjects\easy-buy\node_modules\.pnpm\next@15.3.3_react-dom@19.1.0_react@19.1.0__react@19.1.0\node_modules\next\dist\server\dev\next-dev-server.js:371:20
    at async Span.traceAsyncFn (Z:\personalProjects\easy-buy\node_modules\.pnpm\next@15.3.3_react-dom@19.1.0_react@19.1.0__react@19.1.0\node_modules\next\dist\trace\trace.js:157:20)
    at async DevServer.handleRequest (Z:\personalProjects\easy-buy\node_modules\.pnpm\next@15.3.3_react-dom@19.1.0_react@19.1.0__react@19.1.0\node_modules\next\dist\server\dev\next-dev-server.js:368:24)
    at async invokeRender (Z:\personalProjects\easy-buy\node_modules\.pnpm\next@15.3.3_react-dom@19.1.0_react@19.1.0__react@19.1.0\node_modules\next\dist\server\lib\router-server.js:237:21)
    at async handleRequest (Z:\personalProjects\easy-buy\node_modules\.pnpm\next@15.3.3_react-dom@19.1.0_react@19.1.0__react@19.1.0\node_modules\next\dist\server\lib\router-server.js:428:24)
    at async requestHandlerImpl (Z:\personalProjects\easy-buy\node_modules\.pnpm\next@15.3.3_react-dom@19.1.0_react@19.1.0__react@19.1.0\node_modules\next\dist\server\lib\router-server.js:452:13)
    at async Server.requestListener (Z:\personalProjects\easy-buy\node_modules\.pnpm\next@15.3.3_react-dom@19.1.0_react@19.1.0__react@19.1.0\node_modules\next\dist\server\lib\start-server.js:158:13)
08-06-25 18:11:49 [info] [logger.ts [app-route] (ecmascript)\[root-of-the-server]__9633b409._.js]: Starting scraping for URL: https://www.flipkart.com/search?q=collagen%20supplement&otracker=search&otracker1=search&marketplace=FLIPKART&as-show=on&as=off
08-06-25 18:11:56 [error] [logger.ts [app-route] (ecmascript)\[root-of-the-server]__9633b409._.js]: Error: net::ERR_NAME_NOT_RESOLVED at https://www.flipkart.com/search?q=collagen%20supplement&otracker=search&otracker1=search&marketplace=FLIPKART&as-show=on&as=off
    at navigate (file:///Z:/personalProjects/easy-buy/node_modules/.pnpm/puppeteer-core@24.10.0/node_modules/puppeteer-core/lib/esm/puppeteer/cdp/Frame.js:180:27)
    at async Deferred.race (file:///Z:/personalProjects/easy-buy/node_modules/.pnpm/puppeteer-core@24.10.0/node_modules/puppeteer-core/lib/esm/puppeteer/util/Deferred.js:33:20)
    at async CdpFrame.goto (file:///Z:/personalProjects/easy-buy/node_modules/.pnpm/puppeteer-core@24.10.0/node_modules/puppeteer-core/lib/esm/puppeteer/cdp/Frame.js:146:25)
    at async CdpPage.goto (file:///Z:/personalProjects/easy-buy/node_modules/.pnpm/puppeteer-core@24.10.0/node_modules/puppeteer-core/lib/esm/puppeteer/api/Page.js:570:20)
    at async navigateToUrl (Z:\personalProjects\easy-buy\.next\server\chunks\[root-of-the-server]__9633b409._.js:357:9)
    at async scrapeAllProducts (Z:\personalProjects\easy-buy\.next\server\chunks\[root-of-the-server]__9633b409._.js:393:9)
    at async POST (Z:\personalProjects\easy-buy\.next\server\chunks\[root-of-the-server]__9633b409._.js:444:29)
    at async AppRouteRouteModule.do (Z:\personalProjects\easy-buy\node_modules\.pnpm\next@15.3.3_react-dom@19.1.0_react@19.1.0__react@19.1.0\node_modules\next\dist\compiled\next-server\app-route-turbo.runtime.dev.js:26:34112)
    at async AppRouteRouteModule.handle (Z:\personalProjects\easy-buy\node_modules\.pnpm\next@15.3.3_react-dom@19.1.0_react@19.1.0__react@19.1.0\node_modules\next\dist\compiled\next-server\app-route-turbo.runtime.dev.js:26:41338)
    at async doRender (Z:\personalProjects\easy-buy\node_modules\.pnpm\next@15.3.3_react-dom@19.1.0_react@19.1.0__react@19.1.0\node_modules\next\dist\server\base-server.js:1518:42)
    at async DevServer.renderToResponseWithComponentsImpl (Z:\personalProjects\easy-buy\node_modules\.pnpm\next@15.3.3_react-dom@19.1.0_react@19.1.0__react@19.1.0\node_modules\next\dist\server\base-server.js:1920:28)
    at async DevServer.renderPageComponent (Z:\personalProjects\easy-buy\node_modules\.pnpm\next@15.3.3_react-dom@19.1.0_react@19.1.0__react@19.1.0\node_modules\next\dist\server\base-server.js:2408:24)
    at async DevServer.renderToResponseImpl (Z:\personalProjects\easy-buy\node_modules\.pnpm\next@15.3.3_react-dom@19.1.0_react@19.1.0__react@19.1.0\node_modules\next\dist\server\base-server.js:2445:32)
    at async DevServer.pipeImpl (Z:\personalProjects\easy-buy\node_modules\.pnpm\next@15.3.3_react-dom@19.1.0_react@19.1.0__react@19.1.0\node_modules\next\dist\server\base-server.js:1008:25)
    at async NextNodeServer.handleCatchallRenderRequest (Z:\personalProjects\easy-buy\node_modules\.pnpm\next@15.3.3_react-dom@19.1.0_react@19.1.0__react@19.1.0\node_modules\next\dist\server\next-server.js:305:17)
    at async DevServer.handleRequestImpl (Z:\personalProjects\easy-buy\node_modules\.pnpm\next@15.3.3_react-dom@19.1.0_react@19.1.0__react@19.1.0\node_modules\next\dist\server\base-server.js:900:17)
    at async Z:\personalProjects\easy-buy\node_modules\.pnpm\next@15.3.3_react-dom@19.1.0_react@19.1.0__react@19.1.0\node_modules\next\dist\server\dev\next-dev-server.js:371:20
    at async Span.traceAsyncFn (Z:\personalProjects\easy-buy\node_modules\.pnpm\next@15.3.3_react-dom@19.1.0_react@19.1.0__react@19.1.0\node_modules\next\dist\trace\trace.js:157:20)
    at async DevServer.handleRequest (Z:\personalProjects\easy-buy\node_modules\.pnpm\next@15.3.3_react-dom@19.1.0_react@19.1.0__react@19.1.0\node_modules\next\dist\server\dev\next-dev-server.js:368:24)
    at async invokeRender (Z:\personalProjects\easy-buy\node_modules\.pnpm\next@15.3.3_react-dom@19.1.0_react@19.1.0__react@19.1.0\node_modules\next\dist\server\lib\router-server.js:237:21)
    at async handleRequest (Z:\personalProjects\easy-buy\node_modules\.pnpm\next@15.3.3_react-dom@19.1.0_react@19.1.0__react@19.1.0\node_modules\next\dist\server\lib\router-server.js:428:24)
    at async requestHandlerImpl (Z:\personalProjects\easy-buy\node_modules\.pnpm\next@15.3.3_react-dom@19.1.0_react@19.1.0__react@19.1.0\node_modules\next\dist\server\lib\router-server.js:452:13)
    at async Server.requestListener (Z:\personalProjects\easy-buy\node_modules\.pnpm\next@15.3.3_react-dom@19.1.0_react@19.1.0__react@19.1.0\node_modules\next\dist\server\lib\start-server.js:158:13)
08-06-25 18:11:57 [error] [logger.ts [app-route] (ecmascript)\[root-of-the-server]__9633b409._.js]: Error: Failed to navigate to URL: https://www.flipkart.com/search?q=collagen%20supplement&otracker=search&otracker1=search&marketplace=FLIPKART&as-show=on&as=off
    at navigateToUrl (Z:\personalProjects\easy-buy\.next\server\chunks\[root-of-the-server]__9633b409._.js:361:15)
    at async scrapeAllProducts (Z:\personalProjects\easy-buy\.next\server\chunks\[root-of-the-server]__9633b409._.js:393:9)
    at async POST (Z:\personalProjects\easy-buy\.next\server\chunks\[root-of-the-server]__9633b409._.js:444:29)
    at async AppRouteRouteModule.do (Z:\personalProjects\easy-buy\node_modules\.pnpm\next@15.3.3_react-dom@19.1.0_react@19.1.0__react@19.1.0\node_modules\next\dist\compiled\next-server\app-route-turbo.runtime.dev.js:26:34112)
    at async AppRouteRouteModule.handle (Z:\personalProjects\easy-buy\node_modules\.pnpm\next@15.3.3_react-dom@19.1.0_react@19.1.0__react@19.1.0\node_modules\next\dist\compiled\next-server\app-route-turbo.runtime.dev.js:26:41338)
    at async doRender (Z:\personalProjects\easy-buy\node_modules\.pnpm\next@15.3.3_react-dom@19.1.0_react@19.1.0__react@19.1.0\node_modules\next\dist\server\base-server.js:1518:42)
    at async DevServer.renderToResponseWithComponentsImpl (Z:\personalProjects\easy-buy\node_modules\.pnpm\next@15.3.3_react-dom@19.1.0_react@19.1.0__react@19.1.0\node_modules\next\dist\server\base-server.js:1920:28)
    at async DevServer.renderPageComponent (Z:\personalProjects\easy-buy\node_modules\.pnpm\next@15.3.3_react-dom@19.1.0_react@19.1.0__react@19.1.0\node_modules\next\dist\server\base-server.js:2408:24)
    at async DevServer.renderToResponseImpl (Z:\personalProjects\easy-buy\node_modules\.pnpm\next@15.3.3_react-dom@19.1.0_react@19.1.0__react@19.1.0\node_modules\next\dist\server\base-server.js:2445:32)
    at async DevServer.pipeImpl (Z:\personalProjects\easy-buy\node_modules\.pnpm\next@15.3.3_react-dom@19.1.0_react@19.1.0__react@19.1.0\node_modules\next\dist\server\base-server.js:1008:25)
    at async NextNodeServer.handleCatchallRenderRequest (Z:\personalProjects\easy-buy\node_modules\.pnpm\next@15.3.3_react-dom@19.1.0_react@19.1.0__react@19.1.0\node_modules\next\dist\server\next-server.js:305:17)
    at async DevServer.handleRequestImpl (Z:\personalProjects\easy-buy\node_modules\.pnpm\next@15.3.3_react-dom@19.1.0_react@19.1.0__react@19.1.0\node_modules\next\dist\server\base-server.js:900:17)
    at async Z:\personalProjects\easy-buy\node_modules\.pnpm\next@15.3.3_react-dom@19.1.0_react@19.1.0__react@19.1.0\node_modules\next\dist\server\dev\next-dev-server.js:371:20
    at async Span.traceAsyncFn (Z:\personalProjects\easy-buy\node_modules\.pnpm\next@15.3.3_react-dom@19.1.0_react@19.1.0__react@19.1.0\node_modules\next\dist\trace\trace.js:157:20)
    at async DevServer.handleRequest (Z:\personalProjects\easy-buy\node_modules\.pnpm\next@15.3.3_react-dom@19.1.0_react@19.1.0__react@19.1.0\node_modules\next\dist\server\dev\next-dev-server.js:368:24)
    at async invokeRender (Z:\personalProjects\easy-buy\node_modules\.pnpm\next@15.3.3_react-dom@19.1.0_react@19.1.0__react@19.1.0\node_modules\next\dist\server\lib\router-server.js:237:21)
    at async handleRequest (Z:\personalProjects\easy-buy\node_modules\.pnpm\next@15.3.3_react-dom@19.1.0_react@19.1.0__react@19.1.0\node_modules\next\dist\server\lib\router-server.js:428:24)
    at async requestHandlerImpl (Z:\personalProjects\easy-buy\node_modules\.pnpm\next@15.3.3_react-dom@19.1.0_react@19.1.0__react@19.1.0\node_modules\next\dist\server\lib\router-server.js:452:13)
    at async Server.requestListener (Z:\personalProjects\easy-buy\node_modules\.pnpm\next@15.3.3_react-dom@19.1.0_react@19.1.0__react@19.1.0\node_modules\next\dist\server\lib\start-server.js:158:13)
